# JRE version: OpenJDK Runtime Environment AdoptOpenJDK-11.0.11+9 (11.0.11+9) (build 11.0.11+9)
# Java VM: OpenJDK 64-Bit Server VM AdoptOpenJDK-11.0.11+9 (11.0.11+9, mixed mode, tiered, compressed oops, g1 gc, windows-amd64)
Heap:
 garbage-first heap   total 391168K, used 50884K [0x0000000682600000, 0x0000000800000000)
  region size 1024K, 4 young (4096K), 3 survivors (3072K)
 Metaspace       used 13320K, capacity 13539K, committed 13824K, reserved 1062912K
  class space    used 1160K, capacity 1238K, committed 1280K, reserved 1048576K
GC Heap History (8 events):
Event: 0.759 GC heap before
{Heap before GC invocations=0 (full 0):
 garbage-first heap   total 391168K, used 23552K [0x0000000682600000, 0x0000000800000000)
  region size 1024K, 24 young (24576K), 0 survivors (0K)
 Metaspace       used 11242K, capacity 11469K, committed 11648K, reserved 1060864K
  class space    used 1008K, capacity 1099K, committed 1152K, reserved 1048576K
}
Event: 0.774 GC heap after
{Heap after GC invocations=1 (full 0):
 garbage-first heap   total 391168K, used 13844K [0x0000000682600000, 0x0000000800000000)
  region size 1024K, 3 young (3072K), 3 survivors (3072K)
 Metaspace       used 11242K, capacity 11469K, committed 11648K, reserved 1060864K
  class space    used 1008K, capacity 1099K, committed 1152K, reserved 1048576K
}
Event: 0.821 GC heap before
{Heap before GC invocations=1 (full 0):
 garbage-first heap   total 391168K, used 30228K [0x0000000682600000, 0x0000000800000000)
  region size 1024K, 19 young (19456K), 3 survivors (3072K)
 Metaspace       used 11336K, capacity 11533K, committed 11648K, reserved 1060864K
  class space    used 1009K, capacity 1099K, committed 1152K, reserved 1048576K
}
Event: 0.830 GC heap after
{Heap after GC invocations=2 (full 0):
 garbage-first heap   total 391168K, used 27326K [0x0000000682600000, 0x0000000800000000)
  region size 1024K, 3 young (3072K), 3 survivors (3072K)
 Metaspace       used 11336K, capacity 11533K, committed 11648K, reserved 1060864K
  class space    used 1009K, capacity 1099K, committed 1152K, reserved 1048576K
}
Event: 0.896 GC heap before
{Heap before GC invocations=2 (full 0):
 garbage-first heap   total 391168K, used 42686K [0x0000000682600000, 0x0000000800000000)
  region size 1024K, 19 young (19456K), 3 survivors (3072K)
 Metaspace       used 12406K, capacity 12659K, committed 12800K, reserved 1060864K
  class space    used 1080K, capacity 1177K, committed 1280K, reserved 1048576K
}
Event: 0.902 GC heap after
{Heap after GC invocations=3 (full 0):
 garbage-first heap   total 391168K, used 39169K [0x0000000682600000, 0x0000000800000000)
  region size 1024K, 3 young (3072K), 3 survivors (3072K)
 Metaspace       used 12406K, capacity 12659K, committed 12800K, reserved 1060864K
  class space    used 1080K, capacity 1177K, committed 1280K, reserved 1048576K
}
Event: 10.555 GC heap before
{Heap before GC invocations=3 (full 0):
 garbage-first heap   total 391168K, used 57601K [0x0000000682600000, 0x0000000800000000)
  region size 1024K, 19 young (19456K), 3 survivors (3072K)
 Metaspace       used 13318K, capacity 13539K, committed 13824K, reserved 1062912K
  class space    used 1160K, capacity 1238K, committed 1280K, reserved 1048576K
}
Event: 10.566 GC heap after
{Heap after GC invocations=4 (full 0):
 garbage-first heap   total 391168K, used 50884K [0x0000000682600000, 0x0000000800000000)
  region size 1024K, 3 young (3072K), 3 survivors (3072K)
 Metaspace       used 13318K, capacity 13539K, committed 13824K, reserved 1062912K
  class space    used 1160K, capacity 1238K, committed 1280K, reserved 1048576K
}

